{"total": {"lines":{"total":285,"covered":248,"skipped":0,"pct":87.01},"statements":{"total":324,"covered":285,"skipped":0,"pct":87.96},"functions":{"total":98,"covered":91,"skipped":0,"pct":92.85},"branches":{"total":112,"covered":81,"skipped":0,"pct":72.32},"branchesTrue":{"total":0,"covered":0,"skipped":0,"pct":100}}
,"/mnt/ext2/code/prompts/github/forks/bombay-duck/dist/guards/index.js": {"lines":{"total":12,"covered":10,"skipped":0,"pct":83.33},"functions":{"total":4,"covered":3,"skipped":0,"pct":75},"statements":{"total":17,"covered":14,"skipped":0,"pct":82.35},"branches":{"total":24,"covered":17,"skipped":0,"pct":70.83}}
,"/mnt/ext2/code/prompts/github/forks/bombay-duck/dist/lib/checksum.js": {"lines":{"total":10,"covered":10,"skipped":0,"pct":100},"functions":{"total":3,"covered":3,"skipped":0,"pct":100},"statements":{"total":10,"covered":10,"skipped":0,"pct":100},"branches":{"total":0,"covered":0,"skipped":0,"pct":100}}
,"/mnt/ext2/code/prompts/github/forks/bombay-duck/dist/lib/index.js": {"lines":{"total":27,"covered":27,"skipped":0,"pct":100},"functions":{"total":21,"covered":21,"skipped":0,"pct":100},"statements":{"total":48,"covered":48,"skipped":0,"pct":100},"branches":{"total":0,"covered":0,"skipped":0,"pct":100}}
,"/mnt/ext2/code/prompts/github/forks/bombay-duck/dist/lib/io.js": {"lines":{"total":21,"covered":21,"skipped":0,"pct":100},"functions":{"total":5,"covered":5,"skipped":0,"pct":100},"statements":{"total":21,"covered":21,"skipped":0,"pct":100},"branches":{"total":9,"covered":8,"skipped":0,"pct":88.88}}
,"/mnt/ext2/code/prompts/github/forks/bombay-duck/dist/lib/rate-limit.js": {"lines":{"total":29,"covered":11,"skipped":0,"pct":37.93},"functions":{"total":4,"covered":1,"skipped":0,"pct":25},"statements":{"total":29,"covered":11,"skipped":0,"pct":37.93},"branches":{"total":17,"covered":6,"skipped":0,"pct":35.29}}
,"/mnt/ext2/code/prompts/github/forks/bombay-duck/dist/lib/time.js": {"lines":{"total":59,"covered":59,"skipped":0,"pct":100},"functions":{"total":15,"covered":15,"skipped":0,"pct":100},"statements":{"total":61,"covered":61,"skipped":0,"pct":100},"branches":{"total":25,"covered":24,"skipped":0,"pct":96}}
,"/mnt/ext2/code/prompts/github/forks/bombay-duck/src/guards/index.ts": {"lines":{"total":1,"covered":1,"skipped":0,"pct":100},"functions":{"total":0,"covered":0,"skipped":0,"pct":100},"statements":{"total":1,"covered":1,"skipped":0,"pct":100},"branches":{"total":0,"covered":0,"skipped":0,"pct":100}}
,"/mnt/ext2/code/prompts/github/forks/bombay-duck/src/lib/checksum.ts": {"lines":{"total":9,"covered":9,"skipped":0,"pct":100},"functions":{"total":3,"covered":3,"skipped":0,"pct":100},"statements":{"total":9,"covered":9,"skipped":0,"pct":100},"branches":{"total":0,"covered":0,"skipped":0,"pct":100}}
,"/mnt/ext2/code/prompts/github/forks/bombay-duck/src/lib/index.ts": {"lines":{"total":19,"covered":19,"skipped":0,"pct":100},"functions":{"total":21,"covered":21,"skipped":0,"pct":100},"statements":{"total":25,"covered":25,"skipped":0,"pct":100},"branches":{"total":0,"covered":0,"skipped":0,"pct":100}}
,"/mnt/ext2/code/prompts/github/forks/bombay-duck/src/lib/io.ts": {"lines":{"total":18,"covered":18,"skipped":0,"pct":100},"functions":{"total":4,"covered":4,"skipped":0,"pct":100},"statements":{"total":18,"covered":18,"skipped":0,"pct":100},"branches":{"total":2,"covered":2,"skipped":0,"pct":100}}
,"/mnt/ext2/code/prompts/github/forks/bombay-duck/src/lib/rate-limit.ts": {"lines":{"total":25,"covered":8,"skipped":0,"pct":32},"functions":{"total":3,"covered":0,"skipped":0,"pct":0},"statements":{"total":26,"covered":8,"skipped":0,"pct":30.76},"branches":{"total":10,"covered":0,"skipped":0,"pct":0}}
,"/mnt/ext2/code/prompts/github/forks/bombay-duck/src/lib/time.ts": {"lines":{"total":55,"covered":55,"skipped":0,"pct":100},"functions":{"total":15,"covered":15,"skipped":0,"pct":100},"statements":{"total":59,"covered":59,"skipped":0,"pct":100},"branches":{"total":25,"covered":24,"skipped":0,"pct":96}}
}
